<?xml version="1.0" encoding="UTF-8"?>
<!-- Generated by org.testng.reporters.JUnitReportReporter -->
<testsuite skipped="0" hostname="Divya-PC" name="com.qa.opencart.tests.LoginPageTests" tests="5" failures="0" timestamp="22 Jun 2022 22:12:04 GMT" time="1.504" errors="0">
  <testcase name="loginPageTitleTest" time="0.122" classname="com.qa.opencart.tests.LoginPageTests"/>
  <testcase name="loginPageUrlTest" time="0.017" classname="com.qa.opencart.tests.LoginPageTests"/>
  <testcase name="isForgottenPasswordLinkExists" time="0.164" classname="com.qa.opencart.tests.LoginPageTests"/>
  <testcase name="isRegisterLinkExists" time="0.068" classname="com.qa.opencart.tests.LoginPageTests"/>
  <testcase name="loginTest" time="1.133" classname="com.qa.opencart.tests.LoginPageTests"/>
</testsuite> <!-- com.qa.opencart.tests.LoginPageTests -->
