<?xml version="1.0" encoding="UTF-8"?>
<!-- Generated by org.testng.reporters.JUnitReportReporter -->
<testsuite skipped="0" hostname="Divya-PC" name="com.qa.opencart.tests.LoginPageTests" tests="5" failures="0" timestamp="23 Jun 2022 02:03:57 GMT" time="1.923" errors="0">
  <testcase name="loginPageTitleTest" time="0.272" classname="com.qa.opencart.tests.LoginPageTests"/>
  <testcase name="loginPageUrlTest" time="0.169" classname="com.qa.opencart.tests.LoginPageTests"/>
  <testcase name="isForgottenPasswordLinkExists" time="0.268" classname="com.qa.opencart.tests.LoginPageTests"/>
  <testcase name="isRegisterLinkExists" time="0.081" classname="com.qa.opencart.tests.LoginPageTests"/>
  <testcase name="loginTest" time="1.133" classname="com.qa.opencart.tests.LoginPageTests"/>
</testsuite> <!-- com.qa.opencart.tests.LoginPageTests -->
